INFO:root:Epoch: 0001
 loss_train: 0.6939 acc_train: 0.5467 f1_train: 0.6763
 loss_val: 0.3846 acc_val: 0.9467 f1_val: 0.9369
 loss_test: 0.3782 acc_test: 0.9410 f1_test: 0.9396

INFO:root:Train Report

INFO:root:              precision    recall  f1-score   support

           0     0.9552    0.5542    0.7014      1153
           1     0.0320    0.3617    0.0588        47

    accuracy                         0.5467      1200
   macro avg     0.4936    0.4580    0.3801      1200
weighted avg     0.9190    0.5467    0.6763      1200

INFO:root:Validation Report

INFO:root:              precision    recall  f1-score   support

           0     0.9627    0.9827    0.9726       289
           1     0.0000    0.0000    0.0000        11

    accuracy                         0.9467       300
   macro avg     0.4814    0.4913    0.4863       300
weighted avg     0.9274    0.9467    0.9369       300

INFO:root:Test Report

INFO:root:              precision    recall  f1-score   support

           0     0.9680    0.9710    0.9695       967
           1     0.0667    0.0606    0.0635        33

    accuracy                         0.9410      1000
   macro avg     0.5174    0.5158    0.5165      1000
weighted avg     0.9383    0.9410    0.9396      1000

INFO:root:Epoch: 0011
 loss_train: 0.1790 acc_train: 0.9608 f1_train: 0.9800
 loss_val: 0.1789 acc_val: 0.9633 f1_val: 0.9813
 loss_test: 0.1668 acc_test: 0.9670 f1_test: 0.9832

INFO:root:Train Report

INFO:root:              precision    recall  f1-score   support

           0     0.9608    1.0000    0.9800      1153
           1     0.0000    0.0000    0.0000        47

    accuracy                         0.9608      1200
   macro avg     0.4804    0.5000    0.4900      1200
weighted avg     0.9232    0.9608    0.9416      1200

INFO:root:Validation Report

INFO:root:              precision    recall  f1-score   support

           0     0.9633    1.0000    0.9813       289
           1     0.0000    0.0000    0.0000        11

    accuracy                         0.9633       300
   macro avg     0.4817    0.5000    0.4907       300
weighted avg     0.9280    0.9633    0.9453       300

INFO:root:Test Report

INFO:root:              precision    recall  f1-score   support

           0     0.9670    1.0000    0.9832       967
           1     0.0000    0.0000    0.0000        33

    accuracy                         0.9670      1000
   macro avg     0.4835    0.5000    0.4916      1000
weighted avg     0.9351    0.9670    0.9508      1000

INFO:root:Epoch: 0021
 loss_train: 0.1469 acc_train: 0.9608 f1_train: 0.9800
 loss_val: 0.1573 acc_val: 0.9633 f1_val: 0.9813
 loss_test: 0.1486 acc_test: 0.9670 f1_test: 0.9832

INFO:root:Train Report

INFO:root:              precision    recall  f1-score   support

           0     0.9608    1.0000    0.9800      1153
           1     0.0000    0.0000    0.0000        47

    accuracy                         0.9608      1200
   macro avg     0.4804    0.5000    0.4900      1200
weighted avg     0.9232    0.9608    0.9416      1200

INFO:root:Validation Report

INFO:root:              precision    recall  f1-score   support

           0     0.9633    1.0000    0.9813       289
           1     0.0000    0.0000    0.0000        11

    accuracy                         0.9633       300
   macro avg     0.4817    0.5000    0.4907       300
weighted avg     0.9280    0.9633    0.9453       300

INFO:root:Test Report

INFO:root:              precision    recall  f1-score   support

           0     0.9670    1.0000    0.9832       967
           1     0.0000    0.0000    0.0000        33

    accuracy                         0.9670      1000
   macro avg     0.4835    0.5000    0.4916      1000
weighted avg     0.9351    0.9670    0.9508      1000

INFO:root:Epoch: 0031
 loss_train: 0.1403 acc_train: 0.9625 f1_train: 0.9495
 loss_val: 0.1550 acc_val: 0.9633 f1_val: 0.9509
 loss_test: 0.1454 acc_test: 0.9660 f1_test: 0.9537

INFO:root:Train Report

INFO:root:              precision    recall  f1-score   support

           0     0.9648    0.9974    0.9808      1153
           1     0.6250    0.1064    0.1818        47

    accuracy                         0.9625      1200
   macro avg     0.7949    0.5519    0.5813      1200
weighted avg     0.9515    0.9625    0.9495      1200

INFO:root:Validation Report

INFO:root:              precision    recall  f1-score   support

           0     0.9664    0.9965    0.9813       289
           1     0.5000    0.0909    0.1538        11

    accuracy                         0.9633       300
   macro avg     0.7332    0.5437    0.5676       300
weighted avg     0.9493    0.9633    0.9509       300

INFO:root:Test Report

INFO:root:              precision    recall  f1-score   support

           0     0.9688    0.9969    0.9827       967
           1     0.4000    0.0606    0.1053        33

    accuracy                         0.9660      1000
   macro avg     0.6844    0.5288    0.5440      1000
weighted avg     0.9501    0.9660    0.9537      1000

INFO:root:Epoch: 0041
 loss_train: 0.1351 acc_train: 0.9625 f1_train: 0.9456
 loss_val: 0.1534 acc_val: 0.9633 f1_val: 0.9813
 loss_test: 0.1455 acc_test: 0.9640 f1_test: 0.9493

INFO:root:Train Report

INFO:root:              precision    recall  f1-score   support

           0     0.9624    1.0000    0.9809      1153
           1     1.0000    0.0426    0.0816        47

    accuracy                         0.9625      1200
   macro avg     0.9812    0.5213    0.5312      1200
weighted avg     0.9639    0.9625    0.9456      1200

INFO:root:Validation Report

INFO:root:              precision    recall  f1-score   support

           0     0.9633    1.0000    0.9813       289
           1     0.0000    0.0000    0.0000        11

    accuracy                         0.9633       300
   macro avg     0.4817    0.5000    0.4907       300
weighted avg     0.9280    0.9633    0.9453       300

INFO:root:Test Report

INFO:root:              precision    recall  f1-score   support

           0     0.9669    0.9969    0.9817       967
           1     0.0000    0.0000    0.0000        33

    accuracy                         0.9640      1000
   macro avg     0.4835    0.4984    0.4908      1000
weighted avg     0.9350    0.9640    0.9493      1000

INFO:root:Epoch: 0051
 loss_train: 0.1321 acc_train: 0.9633 f1_train: 0.9475
 loss_val: 0.1527 acc_val: 0.9600 f1_val: 0.9437
 loss_test: 0.1462 acc_test: 0.9640 f1_test: 0.9510

INFO:root:Train Report

INFO:root:              precision    recall  f1-score   support

           0     0.9632    1.0000    0.9813      1153
           1     1.0000    0.0638    0.1200        47

    accuracy                         0.9633      1200
   macro avg     0.9816    0.5319    0.5506      1200
weighted avg     0.9647    0.9633    0.9475      1200

INFO:root:Validation Report

INFO:root:              precision    recall  f1-score   support

           0     0.9632    0.9965    0.9796       289
           1     0.0000    0.0000    0.0000        11

    accuracy                         0.9600       300
   macro avg     0.4816    0.4983    0.4898       300
weighted avg     0.9279    0.9600    0.9437       300

INFO:root:Test Report

INFO:root:              precision    recall  f1-score   support

           0     0.9678    0.9959    0.9817       967
           1     0.2000    0.0303    0.0526        33

    accuracy                         0.9640      1000
   macro avg     0.5839    0.5131    0.5171      1000
weighted avg     0.9425    0.9640    0.9510      1000

INFO:root:Epoch: 0061
 loss_train: 0.1294 acc_train: 0.9625 f1_train: 0.9456
 loss_val: 0.1519 acc_val: 0.9600 f1_val: 0.9437
 loss_test: 0.1479 acc_test: 0.9630 f1_test: 0.9488

INFO:root:Train Report

INFO:root:              precision    recall  f1-score   support

           0     0.9624    1.0000    0.9809      1153
           1     1.0000    0.0426    0.0816        47

    accuracy                         0.9625      1200
   macro avg     0.9812    0.5213    0.5312      1200
weighted avg     0.9639    0.9625    0.9456      1200

INFO:root:Validation Report

INFO:root:              precision    recall  f1-score   support

           0     0.9632    0.9965    0.9796       289
           1     0.0000    0.0000    0.0000        11

    accuracy                         0.9600       300
   macro avg     0.4816    0.4983    0.4898       300
weighted avg     0.9279    0.9600    0.9437       300

INFO:root:Test Report

INFO:root:              precision    recall  f1-score   support

           0     0.9669    0.9959    0.9812       967
           1     0.0000    0.0000    0.0000        33

    accuracy                         0.9630      1000
   macro avg     0.4834    0.4979    0.4906      1000
weighted avg     0.9350    0.9630    0.9488      1000

INFO:root:Epoch: 0071
 loss_train: 0.1274 acc_train: 0.9650 f1_train: 0.9512
 loss_val: 0.1523 acc_val: 0.9633 f1_val: 0.9509
 loss_test: 0.1502 acc_test: 0.9640 f1_test: 0.9510

INFO:root:Train Report

INFO:root:              precision    recall  f1-score   support

           0     0.9649    1.0000    0.9821      1153
           1     1.0000    0.1064    0.1923        47

    accuracy                         0.9650      1200
   macro avg     0.9824    0.5532    0.5872      1200
weighted avg     0.9662    0.9650    0.9512      1200

INFO:root:Validation Report

INFO:root:              precision    recall  f1-score   support

           0     0.9664    0.9965    0.9813       289
           1     0.5000    0.0909    0.1538        11

    accuracy                         0.9633       300
   macro avg     0.7332    0.5437    0.5676       300
weighted avg     0.9493    0.9633    0.9509       300

INFO:root:Test Report

INFO:root:              precision    recall  f1-score   support

           0     0.9678    0.9959    0.9817       967
           1     0.2000    0.0303    0.0526        33

    accuracy                         0.9640      1000
   macro avg     0.5839    0.5131    0.5171      1000
weighted avg     0.9425    0.9640    0.9510      1000

INFO:root:Epoch: 0081
 loss_train: 0.1253 acc_train: 0.9675 f1_train: 0.9562
 loss_val: 0.1531 acc_val: 0.9600 f1_val: 0.9437
 loss_test: 0.1525 acc_test: 0.9630 f1_test: 0.9504

INFO:root:Train Report

INFO:root:              precision    recall  f1-score   support

           0     0.9673    1.0000    0.9834      1153
           1     1.0000    0.1702    0.2909        47

    accuracy                         0.9675      1200
   macro avg     0.9836    0.5851    0.6371      1200
weighted avg     0.9686    0.9675    0.9562      1200

INFO:root:Validation Report

INFO:root:              precision    recall  f1-score   support

           0     0.9632    0.9965    0.9796       289
           1     0.0000    0.0000    0.0000        11

    accuracy                         0.9600       300
   macro avg     0.4816    0.4983    0.4898       300
weighted avg     0.9279    0.9600    0.9437       300

INFO:root:Test Report

INFO:root:              precision    recall  f1-score   support

           0     0.9678    0.9948    0.9811       967
           1     0.1667    0.0303    0.0513        33

    accuracy                         0.9630      1000
   macro avg     0.5672    0.5126    0.5162      1000
weighted avg     0.9414    0.9630    0.9504      1000

INFO:root:Epoch: 0091
 loss_train: 0.1238 acc_train: 0.9675 f1_train: 0.9562
 loss_val: 0.1540 acc_val: 0.9600 f1_val: 0.9488
 loss_test: 0.1545 acc_test: 0.9620 f1_test: 0.9514

INFO:root:Train Report

INFO:root:              precision    recall  f1-score   support

           0     0.9673    1.0000    0.9834      1153
           1     1.0000    0.1702    0.2909        47

    accuracy                         0.9675      1200
   macro avg     0.9836    0.5851    0.6371      1200
weighted avg     0.9686    0.9675    0.9562      1200

INFO:root:Validation Report

INFO:root:              precision    recall  f1-score   support

           0     0.9663    0.9931    0.9795       289
           1     0.3333    0.0909    0.1429        11

    accuracy                         0.9600       300
   macro avg     0.6498    0.5420    0.5612       300
weighted avg     0.9431    0.9600    0.9488       300

INFO:root:Test Report

INFO:root:              precision    recall  f1-score   support

           0     0.9687    0.9928    0.9806       967
           1     0.2222    0.0606    0.0952        33

    accuracy                         0.9620      1000
   macro avg     0.5955    0.5267    0.5379      1000
weighted avg     0.9441    0.9620    0.9514      1000

INFO:root:Epoch: 0001
 loss_train: 0.1304 acc_train: 0.9642 f1_train: 0.9516
 loss_val: 0.1268 acc_val: 0.9667 f1_val: 0.9594
 loss_test: 0.1569 acc_test: 0.9620 f1_test: 0.9514

INFO:root:Train Report

INFO:root:              precision    recall  f1-score   support

           0     0.9673    0.9965    0.9817      1158
           1     0.4286    0.0714    0.1224        42

    accuracy                         0.9642      1200
   macro avg     0.6979    0.5340    0.5521      1200
weighted avg     0.9485    0.9642    0.9516      1200

INFO:root:Validation Report

INFO:root:              precision    recall  f1-score   support

           0     0.9660    1.0000    0.9827       284
           1     1.0000    0.3750    0.5455        16

    accuracy                         0.9667       300
   macro avg     0.9830    0.6875    0.7641       300
weighted avg     0.9678    0.9667    0.9594       300

INFO:root:Test Report

INFO:root:              precision    recall  f1-score   support

           0     0.9687    0.9928    0.9806       967
           1     0.2222    0.0606    0.0952        33

    accuracy                         0.9620      1000
   macro avg     0.5955    0.5267    0.5379      1000
weighted avg     0.9441    0.9620    0.9514      1000

INFO:root:Epoch: 0011
 loss_train: 0.1245 acc_train: 0.9683 f1_train: 0.9555
 loss_val: 0.1462 acc_val: 0.9567 f1_val: 0.9423
 loss_test: 0.1587 acc_test: 0.9600 f1_test: 0.9488

INFO:root:Train Report

INFO:root:              precision    recall  f1-score   support

           0     0.9682    1.0000    0.9839      1158
           1     1.0000    0.0952    0.1739        42

    accuracy                         0.9683      1200
   macro avg     0.9841    0.5476    0.5789      1200
weighted avg     0.9693    0.9683    0.9555      1200

INFO:root:Validation Report

INFO:root:              precision    recall  f1-score   support

           0     0.9562    1.0000    0.9776       284
           1     1.0000    0.1875    0.3158        16

    accuracy                         0.9567       300
   macro avg     0.9781    0.5938    0.6467       300
weighted avg     0.9586    0.9567    0.9423       300

INFO:root:Test Report

INFO:root:              precision    recall  f1-score   support

           0     0.9677    0.9917    0.9796       967
           1     0.1111    0.0303    0.0476        33

    accuracy                         0.9600      1000
   macro avg     0.5394    0.5110    0.5136      1000
weighted avg     0.9394    0.9600    0.9488      1000

INFO:root:Epoch: 0021
 loss_train: 0.1203 acc_train: 0.9692 f1_train: 0.9573
 loss_val: 0.1510 acc_val: 0.9600 f1_val: 0.9513
 loss_test: 0.1583 acc_test: 0.9590 f1_test: 0.9497

INFO:root:Train Report

INFO:root:              precision    recall  f1-score   support

           0     0.9690    1.0000    0.9843      1158
           1     1.0000    0.1190    0.2128        42

    accuracy                         0.9692      1200
   macro avg     0.9845    0.5595    0.5985      1200
weighted avg     0.9701    0.9692    0.9573      1200

INFO:root:Validation Report

INFO:root:              precision    recall  f1-score   support

           0     0.9626    0.9965    0.9792       284
           1     0.8333    0.3125    0.4545        16

    accuracy                         0.9600       300
   macro avg     0.8980    0.6545    0.7169       300
weighted avg     0.9557    0.9600    0.9513       300

INFO:root:Test Report

INFO:root:              precision    recall  f1-score   support

           0     0.9686    0.9897    0.9790       967
           1     0.1667    0.0606    0.0889        33

    accuracy                         0.9590      1000
   macro avg     0.5676    0.5251    0.5340      1000
weighted avg     0.9422    0.9590    0.9497      1000

INFO:root:Epoch: 0031
 loss_train: 0.1164 acc_train: 0.9692 f1_train: 0.9573
 loss_val: 0.1602 acc_val: 0.9567 f1_val: 0.9457
 loss_test: 0.1584 acc_test: 0.9590 f1_test: 0.9497

INFO:root:Train Report

INFO:root:              precision    recall  f1-score   support

           0     0.9690    1.0000    0.9843      1158
           1     1.0000    0.1190    0.2128        42

    accuracy                         0.9692      1200
   macro avg     0.9845    0.5595    0.5985      1200
weighted avg     0.9701    0.9692    0.9573      1200

INFO:root:Validation Report

INFO:root:              precision    recall  f1-score   support

           0     0.9593    0.9965    0.9775       284
           1     0.8000    0.2500    0.3810        16

    accuracy                         0.9567       300
   macro avg     0.8797    0.6232    0.6792       300
weighted avg     0.9508    0.9567    0.9457       300

INFO:root:Test Report

INFO:root:              precision    recall  f1-score   support

           0     0.9686    0.9897    0.9790       967
           1     0.1667    0.0606    0.0889        33

    accuracy                         0.9590      1000
   macro avg     0.5676    0.5251    0.5340      1000
weighted avg     0.9422    0.9590    0.9497      1000

INFO:root:Epoch: 0041
 loss_train: 0.1118 acc_train: 0.9692 f1_train: 0.9573
 loss_val: 0.1683 acc_val: 0.9600 f1_val: 0.9513
 loss_test: 0.1638 acc_test: 0.9590 f1_test: 0.9497

INFO:root:Train Report

INFO:root:              precision    recall  f1-score   support

           0     0.9690    1.0000    0.9843      1158
           1     1.0000    0.1190    0.2128        42

    accuracy                         0.9692      1200
   macro avg     0.9845    0.5595    0.5985      1200
weighted avg     0.9701    0.9692    0.9573      1200

INFO:root:Validation Report

INFO:root:              precision    recall  f1-score   support

           0     0.9626    0.9965    0.9792       284
           1     0.8333    0.3125    0.4545        16

    accuracy                         0.9600       300
   macro avg     0.8980    0.6545    0.7169       300
weighted avg     0.9557    0.9600    0.9513       300

INFO:root:Test Report

INFO:root:              precision    recall  f1-score   support

           0     0.9686    0.9897    0.9790       967
           1     0.1667    0.0606    0.0889        33

    accuracy                         0.9590      1000
   macro avg     0.5676    0.5251    0.5340      1000
weighted avg     0.9422    0.9590    0.9497      1000

INFO:root:Epoch: 0051
 loss_train: 0.1034 acc_train: 0.9700 f1_train: 0.9590
 loss_val: 0.1862 acc_val: 0.9567 f1_val: 0.9485
 loss_test: 0.1708 acc_test: 0.9580 f1_test: 0.9491

INFO:root:Train Report

INFO:root:              precision    recall  f1-score   support

           0     0.9698    1.0000    0.9847      1158
           1     1.0000    0.1429    0.2500        42

    accuracy                         0.9700      1200
   macro avg     0.9849    0.5714    0.6173      1200
weighted avg     0.9709    0.9700    0.9590      1200

INFO:root:Validation Report

INFO:root:              precision    recall  f1-score   support

           0     0.9625    0.9930    0.9775       284
           1     0.7143    0.3125    0.4348        16

    accuracy                         0.9567       300
   macro avg     0.8384    0.6527    0.7061       300
weighted avg     0.9492    0.9567    0.9485       300

INFO:root:Test Report

INFO:root:              precision    recall  f1-score   support

           0     0.9686    0.9886    0.9785       967
           1     0.1538    0.0606    0.0870        33

    accuracy                         0.9580      1000
   macro avg     0.5612    0.5246    0.5327      1000
weighted avg     0.9417    0.9580    0.9491      1000

INFO:root:Epoch: 0061
 loss_train: 0.0976 acc_train: 0.9692 f1_train: 0.9594
 loss_val: 0.2004 acc_val: 0.9500 f1_val: 0.9406
 loss_test: 0.1777 acc_test: 0.9570 f1_test: 0.9485

INFO:root:Train Report

INFO:root:              precision    recall  f1-score   support

           0     0.9706    0.9983    0.9842      1158
           1     0.7778    0.1667    0.2745        42

    accuracy                         0.9692      1200
   macro avg     0.8742    0.5825    0.6294      1200
weighted avg     0.9639    0.9692    0.9594      1200

INFO:root:Validation Report

INFO:root:              precision    recall  f1-score   support

           0     0.9590    0.9894    0.9740       284
           1     0.5714    0.2500    0.3478        16

    accuracy                         0.9500       300
   macro avg     0.7652    0.6197    0.6609       300
weighted avg     0.9384    0.9500    0.9406       300

INFO:root:Test Report

INFO:root:              precision    recall  f1-score   support

           0     0.9686    0.9876    0.9780       967
           1     0.1429    0.0606    0.0851        33

    accuracy                         0.9570      1000
   macro avg     0.5557    0.5241    0.5315      1000
weighted avg     0.9413    0.9570    0.9485      1000

INFO:root:Epoch: 0071
 loss_train: 0.0951 acc_train: 0.9683 f1_train: 0.9588
 loss_val: 0.2238 acc_val: 0.9400 f1_val: 0.9359
 loss_test: 0.2037 acc_test: 0.9250 f1_test: 0.9323

INFO:root:Train Report

INFO:root:              precision    recall  f1-score   support

           0     0.9706    0.9974    0.9838      1158
           1     0.7000    0.1667    0.2692        42

    accuracy                         0.9683      1200
   macro avg     0.8353    0.5820    0.6265      1200
weighted avg     0.9611    0.9683    0.9588      1200

INFO:root:Validation Report

INFO:root:              precision    recall  f1-score   support

           0     0.9618    0.9754    0.9685       284
           1     0.4167    0.3125    0.3571        16

    accuracy                         0.9400       300
   macro avg     0.6892    0.6439    0.6628       300
weighted avg     0.9327    0.9400    0.9359       300

INFO:root:Test Report

INFO:root:              precision    recall  f1-score   support

           0     0.9695    0.9524    0.9609       967
           1     0.0800    0.1212    0.0964        33

    accuracy                         0.9250      1000
   macro avg     0.5247    0.5368    0.5286      1000
weighted avg     0.9401    0.9250    0.9323      1000

INFO:root:Epoch: 0081
 loss_train: 0.0896 acc_train: 0.9708 f1_train: 0.9633
 loss_val: 0.2087 acc_val: 0.9400 f1_val: 0.9304
 loss_test: 0.1893 acc_test: 0.9440 f1_test: 0.9423

INFO:root:Train Report

INFO:root:              precision    recall  f1-score   support

           0     0.9730    0.9974    0.9851      1158
           1     0.7692    0.2381    0.3636        42

    accuracy                         0.9708      1200
   macro avg     0.8711    0.6178    0.6744      1200
weighted avg     0.9659    0.9708    0.9633      1200

INFO:root:Validation Report

INFO:root:              precision    recall  f1-score   support

           0     0.9555    0.9824    0.9688       284
           1     0.3750    0.1875    0.2500        16

    accuracy                         0.9400       300
   macro avg     0.6652    0.5849    0.6094       300
weighted avg     0.9245    0.9400    0.9304       300

INFO:root:Test Report

INFO:root:              precision    recall  f1-score   support

           0     0.9691    0.9731    0.9711       967
           1     0.1034    0.0909    0.0968        33

    accuracy                         0.9440      1000
   macro avg     0.5363    0.5320    0.5339      1000
weighted avg     0.9405    0.9440    0.9423      1000

INFO:root:Epoch: 0091
 loss_train: 0.0867 acc_train: 0.9717 f1_train: 0.9640
 loss_val: 0.2079 acc_val: 0.9400 f1_val: 0.9304
 loss_test: 0.1977 acc_test: 0.9420 f1_test: 0.9420

INFO:root:Train Report

INFO:root:              precision    recall  f1-score   support

           0     0.9731    0.9983    0.9855      1158
           1     0.8333    0.2381    0.3704        42

    accuracy                         0.9717      1200
   macro avg     0.9032    0.6182    0.6779      1200
weighted avg     0.9682    0.9717    0.9640      1200

INFO:root:Validation Report

INFO:root:              precision    recall  f1-score   support

           0     0.9555    0.9824    0.9688       284
           1     0.3750    0.1875    0.2500        16

    accuracy                         0.9400       300
   macro avg     0.6652    0.5849    0.6094       300
weighted avg     0.9245    0.9400    0.9304       300

INFO:root:Test Report

INFO:root:              precision    recall  f1-score   support

           0     0.9700    0.9700    0.9700       967
           1     0.1212    0.1212    0.1212        33

    accuracy                         0.9420      1000
   macro avg     0.5456    0.5456    0.5456      1000
weighted avg     0.9420    0.9420    0.9420      1000

INFO:root:Epoch: 0001
 loss_train: 0.1091 acc_train: 0.9667 f1_train: 0.9606
 loss_val: 0.0826 acc_val: 0.9800 f1_val: 0.9784
 loss_test: 0.2036 acc_test: 0.9370 f1_test: 0.9406

INFO:root:Train Report

INFO:root:              precision    recall  f1-score   support

           0     0.9729    0.9931    0.9829      1156
           1     0.6000    0.2727    0.3750        44

    accuracy                         0.9667      1200
   macro avg     0.7864    0.6329    0.6789      1200
weighted avg     0.9592    0.9667    0.9606      1200

INFO:root:Validation Report

INFO:root:              precision    recall  f1-score   support

           0     0.9828    0.9965    0.9896       286
           1     0.9000    0.6429    0.7500        14

    accuracy                         0.9800       300
   macro avg     0.9414    0.8197    0.8698       300
weighted avg     0.9789    0.9800    0.9784       300

INFO:root:Test Report

INFO:root:              precision    recall  f1-score   support

           0     0.9718    0.9628    0.9673       967
           1     0.1429    0.1818    0.1600        33

    accuracy                         0.9370      1000
   macro avg     0.5573    0.5723    0.5636      1000
weighted avg     0.9445    0.9370    0.9406      1000

INFO:root:Epoch: 0011
 loss_train: 0.0900 acc_train: 0.9708 f1_train: 0.9631
 loss_val: 0.1184 acc_val: 0.9700 f1_val: 0.9631
 loss_test: 0.1745 acc_test: 0.9570 f1_test: 0.9519

INFO:root:Train Report

INFO:root:              precision    recall  f1-score   support

           0     0.9722    0.9983    0.9851      1156
           1     0.8462    0.2500    0.3860        44

    accuracy                         0.9708      1200
   macro avg     0.9092    0.6241    0.6855      1200
weighted avg     0.9676    0.9708    0.9631      1200

INFO:root:Validation Report

INFO:root:              precision    recall  f1-score   support

           0     0.9695    1.0000    0.9845       286
           1     1.0000    0.3571    0.5263        14

    accuracy                         0.9700       300
   macro avg     0.9847    0.6786    0.7554       300
weighted avg     0.9709    0.9700    0.9631       300

INFO:root:Test Report

INFO:root:              precision    recall  f1-score   support

           0     0.9714    0.9845    0.9779       967
           1     0.2500    0.1515    0.1887        33

    accuracy                         0.9570      1000
   macro avg     0.6107    0.5680    0.5833      1000
weighted avg     0.9476    0.9570    0.9519      1000

INFO:root:Epoch: 0021
 loss_train: 0.0834 acc_train: 0.9733 f1_train: 0.9673
 loss_val: 0.1316 acc_val: 0.9667 f1_val: 0.9577
 loss_test: 0.1791 acc_test: 0.9500 f1_test: 0.9467

INFO:root:Train Report

INFO:root:              precision    recall  f1-score   support

           0     0.9747    0.9983    0.9863      1156
           1     0.8750    0.3182    0.4667        44

    accuracy                         0.9733      1200
   macro avg     0.9248    0.6582    0.7265      1200
weighted avg     0.9710    0.9733    0.9673      1200

INFO:root:Validation Report

INFO:root:              precision    recall  f1-score   support

           0     0.9662    1.0000    0.9828       286
           1     1.0000    0.2857    0.4444        14

    accuracy                         0.9667       300
   macro avg     0.9831    0.6429    0.7136       300
weighted avg     0.9678    0.9667    0.9577       300

INFO:root:Test Report

INFO:root:              precision    recall  f1-score   support

           0     0.9703    0.9783    0.9743       967
           1     0.1600    0.1212    0.1379        33

    accuracy                         0.9500      1000
   macro avg     0.5651    0.5497    0.5561      1000
weighted avg     0.9435    0.9500    0.9467      1000

INFO:root:Epoch: 0031
 loss_train: 0.0796 acc_train: 0.9775 f1_train: 0.9741
 loss_val: 0.1307 acc_val: 0.9633 f1_val: 0.9549
 loss_test: 0.1847 acc_test: 0.9520 f1_test: 0.9497

INFO:root:Train Report

INFO:root:              precision    recall  f1-score   support

           0     0.9796    0.9974    0.9884      1156
           1     0.8696    0.4545    0.5970        44

    accuracy                         0.9775      1200
   macro avg     0.9246    0.7260    0.7927      1200
weighted avg     0.9756    0.9775    0.9741      1200

INFO:root:Validation Report

INFO:root:              precision    recall  f1-score   support

           0     0.9661    0.9965    0.9811       286
           1     0.8000    0.2857    0.4211        14

    accuracy                         0.9633       300
   macro avg     0.8831    0.6411    0.7011       300
weighted avg     0.9584    0.9633    0.9549       300

INFO:root:Test Report

INFO:root:              precision    recall  f1-score   support

           0     0.9723    0.9783    0.9753       967
           1     0.2222    0.1818    0.2000        33

    accuracy                         0.9520      1000
   macro avg     0.5972    0.5801    0.5876      1000
weighted avg     0.9475    0.9520    0.9497      1000

INFO:root:Epoch: 0041
 loss_train: 0.0755 acc_train: 0.9783 f1_train: 0.9739
 loss_val: 0.1460 acc_val: 0.9600 f1_val: 0.9523
 loss_test: 0.1879 acc_test: 0.9540 f1_test: 0.9500

INFO:root:Train Report

INFO:root:              precision    recall  f1-score   support

           0     0.9780    1.0000    0.9889      1156
           1     1.0000    0.4091    0.5806        44

    accuracy                         0.9783      1200
   macro avg     0.9890    0.7045    0.7848      1200
weighted avg     0.9788    0.9783    0.9739      1200

INFO:root:Validation Report

INFO:root:              precision    recall  f1-score   support

           0     0.9660    0.9930    0.9793       286
           1     0.6667    0.2857    0.4000        14

    accuracy                         0.9600       300
   macro avg     0.8163    0.6394    0.6897       300
weighted avg     0.9520    0.9600    0.9523       300

INFO:root:Test Report

INFO:root:              precision    recall  f1-score   support

           0     0.9713    0.9814    0.9763       967
           1     0.2174    0.1515    0.1786        33

    accuracy                         0.9540      1000
   macro avg     0.5944    0.5665    0.5775      1000
weighted avg     0.9465    0.9540    0.9500      1000

INFO:root:Epoch: 0051
 loss_train: 0.0687 acc_train: 0.9817 f1_train: 0.9800
 loss_val: 0.1202 acc_val: 0.9733 f1_val: 0.9712
 loss_test: 0.2078 acc_test: 0.9400 f1_test: 0.9438

INFO:root:Train Report

INFO:root:              precision    recall  f1-score   support

           0     0.9846    0.9965    0.9905      1156
           1     0.8667    0.5909    0.7027        44

    accuracy                         0.9817      1200
   macro avg     0.9256    0.7937    0.8466      1200
weighted avg     0.9803    0.9817    0.9800      1200

INFO:root:Validation Report

INFO:root:              precision    recall  f1-score   support

           0     0.9793    0.9930    0.9861       286
           1     0.8000    0.5714    0.6667        14

    accuracy                         0.9733       300
   macro avg     0.8897    0.7822    0.8264       300
weighted avg     0.9709    0.9733    0.9712       300

INFO:root:Test Report

INFO:root:              precision    recall  f1-score   support

           0     0.9739    0.9638    0.9688       967
           1     0.1860    0.2424    0.2105        33

    accuracy                         0.9400      1000
   macro avg     0.5800    0.6031    0.5897      1000
weighted avg     0.9479    0.9400    0.9438      1000

INFO:root:Epoch: 0061
 loss_train: 0.0663 acc_train: 0.9842 f1_train: 0.9823
 loss_val: 0.1246 acc_val: 0.9733 f1_val: 0.9698
 loss_test: 0.2152 acc_test: 0.9390 f1_test: 0.9432

INFO:root:Train Report

INFO:root:              precision    recall  f1-score   support

           0     0.9847    0.9991    0.9918      1156
           1     0.9630    0.5909    0.7324        44

    accuracy                         0.9842      1200
   macro avg     0.9738    0.7950    0.8621      1200
weighted avg     0.9839    0.9842    0.9823      1200

INFO:root:Validation Report

INFO:root:              precision    recall  f1-score   support

           0     0.9760    0.9965    0.9862       286
           1     0.8750    0.5000    0.6364        14

    accuracy                         0.9733       300
   macro avg     0.9255    0.7483    0.8113       300
weighted avg     0.9713    0.9733    0.9698       300

INFO:root:Test Report

INFO:root:              precision    recall  f1-score   support

           0     0.9738    0.9628    0.9683       967
           1     0.1818    0.2424    0.2078        33

    accuracy                         0.9390      1000
   macro avg     0.5778    0.6026    0.5880      1000
weighted avg     0.9477    0.9390    0.9432      1000

INFO:root:Epoch: 0071
 loss_train: 0.0680 acc_train: 0.9808 f1_train: 0.9783
 loss_val: 0.1308 acc_val: 0.9700 f1_val: 0.9652
 loss_test: 0.2144 acc_test: 0.9430 f1_test: 0.9456

INFO:root:Train Report

INFO:root:              precision    recall  f1-score   support

           0     0.9821    0.9983    0.9901      1156
           1     0.9200    0.5227    0.6667        44

    accuracy                         0.9808      1200
   macro avg     0.9511    0.7605    0.8284      1200
weighted avg     0.9798    0.9808    0.9783      1200

INFO:root:Validation Report

INFO:root:              precision    recall  f1-score   support

           0     0.9727    0.9965    0.9845       286
           1     0.8571    0.4286    0.5714        14

    accuracy                         0.9700       300
   macro avg     0.9149    0.7125    0.7779       300
weighted avg     0.9673    0.9700    0.9652       300

INFO:root:Test Report

INFO:root:              precision    recall  f1-score   support

           0     0.9740    0.9669    0.9704       967
           1     0.2000    0.2424    0.2192        33

    accuracy                         0.9430      1000
   macro avg     0.5870    0.6047    0.5948      1000
weighted avg     0.9484    0.9430    0.9456      1000

INFO:root:Epoch: 0081
 loss_train: 0.0702 acc_train: 0.9792 f1_train: 0.9760
 loss_val: 0.1423 acc_val: 0.9700 f1_val: 0.9669
 loss_test: 0.2215 acc_test: 0.9410 f1_test: 0.9444

INFO:root:Train Report

INFO:root:              precision    recall  f1-score   support

           0     0.9805    0.9983    0.9893      1156
           1     0.9130    0.4773    0.6269        44

    accuracy                         0.9792      1200
   macro avg     0.9468    0.7378    0.8081      1200
weighted avg     0.9780    0.9792    0.9760      1200

INFO:root:Validation Report

INFO:root:              precision    recall  f1-score   support

           0     0.9759    0.9930    0.9844       286
           1     0.7778    0.5000    0.6087        14

    accuracy                         0.9700       300
   macro avg     0.8769    0.7465    0.7965       300
weighted avg     0.9667    0.9700    0.9669       300

INFO:root:Test Report

INFO:root:              precision    recall  f1-score   support

           0     0.9739    0.9648    0.9694       967
           1     0.1905    0.2424    0.2133        33

    accuracy                         0.9410      1000
   macro avg     0.5822    0.6036    0.5913      1000
weighted avg     0.9481    0.9410    0.9444      1000

INFO:root:Epoch: 0091
 loss_train: 0.0616 acc_train: 0.9842 f1_train: 0.9826
 loss_val: 0.1294 acc_val: 0.9733 f1_val: 0.9712
 loss_test: 0.2323 acc_test: 0.9360 f1_test: 0.9400

INFO:root:Train Report

INFO:root:              precision    recall  f1-score   support

           0     0.9855    0.9983    0.9918      1156
           1     0.9310    0.6136    0.7397        44

    accuracy                         0.9842      1200
   macro avg     0.9583    0.8060    0.8658      1200
weighted avg     0.9835    0.9842    0.9826      1200

INFO:root:Validation Report

INFO:root:              precision    recall  f1-score   support

           0     0.9793    0.9930    0.9861       286
           1     0.8000    0.5714    0.6667        14

    accuracy                         0.9733       300
   macro avg     0.8897    0.7822    0.8264       300
weighted avg     0.9709    0.9733    0.9712       300

INFO:root:Test Report

INFO:root:              precision    recall  f1-score   support

           0     0.9718    0.9617    0.9667       967
           1     0.1395    0.1818    0.1579        33

    accuracy                         0.9360      1000
   macro avg     0.5557    0.5718    0.5623      1000
weighted avg     0.9443    0.9360    0.9400      1000

INFO:root:Epoch: 0001
 loss_train: 0.0970 acc_train: 0.9792 f1_train: 0.9759
 loss_val: 0.1112 acc_val: 0.9700 f1_val: 0.9693
 loss_test: 0.2236 acc_test: 0.9430 f1_test: 0.9463

INFO:root:Train Report

INFO:root:              precision    recall  f1-score   support

           0     0.9796    0.9991    0.9893      1153
           1     0.9583    0.4894    0.6479        47

    accuracy                         0.9792      1200
   macro avg     0.9690    0.7442    0.8186      1200
weighted avg     0.9788    0.9792    0.9759      1200

INFO:root:Validation Report

INFO:root:              precision    recall  f1-score   support

           0     0.9828    0.9862    0.9845       289
           1     0.6000    0.5455    0.5714        11

    accuracy                         0.9700       300
   macro avg     0.7914    0.7658    0.7779       300
weighted avg     0.9687    0.9700    0.9693       300

INFO:root:Test Report

INFO:root:              precision    recall  f1-score   support

           0     0.9749    0.9659    0.9704       967
           1     0.2143    0.2727    0.2400        33

    accuracy                         0.9430      1000
   macro avg     0.5946    0.6193    0.6052      1000
weighted avg     0.9498    0.9430    0.9463      1000

INFO:root:Epoch: 0011
 loss_train: 0.0778 acc_train: 0.9767 f1_train: 0.9764
 loss_val: 0.1617 acc_val: 0.9367 f1_val: 0.9439
 loss_test: 0.2799 acc_test: 0.9210 f1_test: 0.9325

INFO:root:Train Report

INFO:root:              precision    recall  f1-score   support

           0     0.9870    0.9887    0.9879      1153
           1     0.7111    0.6809    0.6957        47

    accuracy                         0.9767      1200
   macro avg     0.8491    0.8348    0.8418      1200
weighted avg     0.9762    0.9767    0.9764      1200

INFO:root:Validation Report

INFO:root:              precision    recall  f1-score   support

           0     0.9787    0.9550    0.9667       289
           1     0.2778    0.4545    0.3448        11

    accuracy                         0.9367       300
   macro avg     0.6283    0.7048    0.6558       300
weighted avg     0.9530    0.9367    0.9439       300

INFO:root:Test Report

INFO:root:              precision    recall  f1-score   support

           0     0.9733    0.9442    0.9585       967
           1     0.1290    0.2424    0.1684        33

    accuracy                         0.9210      1000
   macro avg     0.5512    0.5933    0.5635      1000
weighted avg     0.9455    0.9210    0.9325      1000

INFO:root:Epoch: 0021
 loss_train: 0.0889 acc_train: 0.9742 f1_train: 0.9735
 loss_val: 0.1616 acc_val: 0.9600 f1_val: 0.9527
 loss_test: 0.2151 acc_test: 0.9470 f1_test: 0.9466

INFO:root:Train Report

INFO:root:              precision    recall  f1-score   support

           0     0.9845    0.9887    0.9866      1153
           1     0.6905    0.6170    0.6517        47

    accuracy                         0.9742      1200
   macro avg     0.8375    0.8029    0.8191      1200
weighted avg     0.9729    0.9742    0.9735      1200

INFO:root:Validation Report

INFO:root:              precision    recall  f1-score   support

           0     0.9695    0.9896    0.9795       289
           1     0.4000    0.1818    0.2500        11

    accuracy                         0.9600       300
   macro avg     0.6847    0.5857    0.6147       300
weighted avg     0.9486    0.9600    0.9527       300

INFO:root:Test Report

INFO:root:              precision    recall  f1-score   support

           0     0.9721    0.9731    0.9726       967
           1     0.1875    0.1818    0.1846        33

    accuracy                         0.9470      1000
   macro avg     0.5798    0.5775    0.5786      1000
weighted avg     0.9462    0.9470    0.9466      1000

INFO:root:Epoch: 0031
 loss_train: 0.0732 acc_train: 0.9792 f1_train: 0.9766
 loss_val: 0.1840 acc_val: 0.9600 f1_val: 0.9557
 loss_test: 0.2271 acc_test: 0.9410 f1_test: 0.9457

INFO:root:Train Report

INFO:root:              precision    recall  f1-score   support

           0     0.9812    0.9974    0.9892      1153
           1     0.8929    0.5319    0.6667        47

    accuracy                         0.9792      1200
   macro avg     0.9370    0.7647    0.8280      1200
weighted avg     0.9778    0.9792    0.9766      1200

INFO:root:Validation Report

INFO:root:              precision    recall  f1-score   support

           0     0.9727    0.9862    0.9794       289
           1     0.4286    0.2727    0.3333        11

    accuracy                         0.9600       300
   macro avg     0.7006    0.6294    0.6564       300
weighted avg     0.9527    0.9600    0.9557       300

INFO:root:Test Report

INFO:root:              precision    recall  f1-score   support

           0     0.9759    0.9628    0.9693       967
           1     0.2174    0.3030    0.2532        33

    accuracy                         0.9410      1000
   macro avg     0.5966    0.6329    0.6112      1000
weighted avg     0.9509    0.9410    0.9457      1000

INFO:root:Epoch: 0041
 loss_train: 0.0617 acc_train: 0.9850 f1_train: 0.9835
 loss_val: 0.1773 acc_val: 0.9533 f1_val: 0.9483
 loss_test: 0.2260 acc_test: 0.9400 f1_test: 0.9424

INFO:root:Train Report

INFO:root:              precision    recall  f1-score   support

           0     0.9855    0.9991    0.9922      1153
           1     0.9677    0.6383    0.7692        47

    accuracy                         0.9850      1200
   macro avg     0.9766    0.8187    0.8807      1200
weighted avg     0.9848    0.9850    0.9835      1200

INFO:root:Validation Report

INFO:root:              precision    recall  f1-score   support

           0     0.9693    0.9827    0.9759       289
           1     0.2857    0.1818    0.2222        11

    accuracy                         0.9533       300
   macro avg     0.6275    0.5823    0.5991       300
weighted avg     0.9442    0.9533    0.9483       300

INFO:root:Test Report

INFO:root:              precision    recall  f1-score   support

           0     0.9719    0.9659    0.9689       967
           1     0.1538    0.1818    0.1667        33

    accuracy                         0.9400      1000
   macro avg     0.5629    0.5738    0.5678      1000
weighted avg     0.9449    0.9400    0.9424      1000

INFO:root:Epoch: 0051
 loss_train: 0.0634 acc_train: 0.9842 f1_train: 0.9825
 loss_val: 0.1758 acc_val: 0.9567 f1_val: 0.9505
 loss_test: 0.2176 acc_test: 0.9460 f1_test: 0.9468

INFO:root:Train Report

INFO:root:              precision    recall  f1-score   support

           0     0.9846    0.9991    0.9918      1153
           1     0.9667    0.6170    0.7532        47

    accuracy                         0.9842      1200
   macro avg     0.9756    0.8081    0.8725      1200
weighted avg     0.9839    0.9842    0.9825      1200

INFO:root:Validation Report

INFO:root:              precision    recall  f1-score   support

           0     0.9694    0.9862    0.9777       289
           1     0.3333    0.1818    0.2353        11

    accuracy                         0.9567       300
   macro avg     0.6514    0.5840    0.6065       300
weighted avg     0.9461    0.9567    0.9505       300

INFO:root:Test Report

INFO:root:              precision    recall  f1-score   support

           0     0.9731    0.9710    0.9720       967
           1     0.2000    0.2121    0.2059        33

    accuracy                         0.9460      1000
   macro avg     0.5865    0.5916    0.5890      1000
weighted avg     0.9475    0.9460    0.9468      1000

INFO:root:Epoch: 0061
 loss_train: 0.0609 acc_train: 0.9842 f1_train: 0.9822
 loss_val: 0.1877 acc_val: 0.9567 f1_val: 0.9505
 loss_test: 0.2296 acc_test: 0.9430 f1_test: 0.9456

INFO:root:Train Report

INFO:root:              precision    recall  f1-score   support

           0     0.9838    1.0000    0.9918      1153
           1     1.0000    0.5957    0.7467        47

    accuracy                         0.9842      1200
   macro avg     0.9919    0.7979    0.8692      1200
weighted avg     0.9844    0.9842    0.9822      1200

INFO:root:Validation Report

INFO:root:              precision    recall  f1-score   support

           0     0.9694    0.9862    0.9777       289
           1     0.3333    0.1818    0.2353        11

    accuracy                         0.9567       300
   macro avg     0.6514    0.5840    0.6065       300
weighted avg     0.9461    0.9567    0.9505       300

INFO:root:Test Report

INFO:root:              precision    recall  f1-score   support

           0     0.9740    0.9669    0.9704       967
           1     0.2000    0.2424    0.2192        33

    accuracy                         0.9430      1000
   macro avg     0.5870    0.6047    0.5948      1000
weighted avg     0.9484    0.9430    0.9456      1000

INFO:root:Epoch: 0071
 loss_train: 0.0608 acc_train: 0.9850 f1_train: 0.9833
 loss_val: 0.1727 acc_val: 0.9600 f1_val: 0.9527
 loss_test: 0.2175 acc_test: 0.9480 f1_test: 0.9507

INFO:root:Train Report

INFO:root:              precision    recall  f1-score   support

           0     0.9846    1.0000    0.9923      1153
           1     1.0000    0.6170    0.7632        47

    accuracy                         0.9850      1200
   macro avg     0.9923    0.8085    0.8777      1200
weighted avg     0.9852    0.9850    0.9833      1200

INFO:root:Validation Report

INFO:root:              precision    recall  f1-score   support

           0     0.9695    0.9896    0.9795       289
           1     0.4000    0.1818    0.2500        11

    accuracy                         0.9600       300
   macro avg     0.6847    0.5857    0.6147       300
weighted avg     0.9486    0.9600    0.9527       300

INFO:root:Test Report

INFO:root:              precision    recall  f1-score   support

           0     0.9771    0.9690    0.9730       967
           1     0.2683    0.3333    0.2973        33

    accuracy                         0.9480      1000
   macro avg     0.6227    0.6512    0.6351      1000
weighted avg     0.9537    0.9480    0.9507      1000

INFO:root:Epoch: 0081
 loss_train: 0.0609 acc_train: 0.9850 f1_train: 0.9837
 loss_val: 0.1701 acc_val: 0.9600 f1_val: 0.9581
 loss_test: 0.2418 acc_test: 0.9400 f1_test: 0.9461

INFO:root:Train Report

INFO:root:              precision    recall  f1-score   support

           0     0.9863    0.9983    0.9922      1153
           1     0.9394    0.6596    0.7750        47

    accuracy                         0.9850      1200
   macro avg     0.9628    0.8289    0.8836      1200
weighted avg     0.9845    0.9850    0.9837      1200

INFO:root:Validation Report

INFO:root:              precision    recall  f1-score   support

           0     0.9759    0.9827    0.9793       289
           1     0.4444    0.3636    0.4000        11

    accuracy                         0.9600       300
   macro avg     0.7102    0.6732    0.6897       300
weighted avg     0.9565    0.9600    0.9581       300

INFO:root:Test Report

INFO:root:              precision    recall  f1-score   support

           0     0.9779    0.9597    0.9687       967
           1     0.2353    0.3636    0.2857        33

    accuracy                         0.9400      1000
   macro avg     0.6066    0.6617    0.6272      1000
weighted avg     0.9534    0.9400    0.9461      1000

INFO:root:Epoch: 0091
 loss_train: 0.0528 acc_train: 0.9858 f1_train: 0.9847
 loss_val: 0.2440 acc_val: 0.9200 f1_val: 0.9318
 loss_test: 0.3178 acc_test: 0.9060 f1_test: 0.9265

INFO:root:Train Report

INFO:root:              precision    recall  f1-score   support

           0     0.9871    0.9983    0.9927      1153
           1     0.9412    0.6809    0.7901        47

    accuracy                         0.9858      1200
   macro avg     0.9642    0.8396    0.8914      1200
weighted avg     0.9853    0.9858    0.9847      1200

INFO:root:Validation Report

INFO:root:              precision    recall  f1-score   support

           0     0.9749    0.9412    0.9577       289
           1     0.1905    0.3636    0.2500        11

    accuracy                         0.9200       300
   macro avg     0.5827    0.6524    0.6039       300
weighted avg     0.9461    0.9200    0.9318       300

INFO:root:Test Report

INFO:root:              precision    recall  f1-score   support

           0     0.9802    0.9214    0.9499       967
           1     0.1648    0.4545    0.2419        33

    accuracy                         0.9060      1000
   macro avg     0.5725    0.6880    0.5959      1000
weighted avg     0.9533    0.9060    0.9265      1000

INFO:root:Epoch: 0001
 loss_train: 0.0882 acc_train: 0.9783 f1_train: 0.9775
 loss_val: 0.0642 acc_val: 0.9767 f1_val: 0.9789
 loss_test: 0.2746 acc_test: 0.9240 f1_test: 0.9362

INFO:root:Train Report

INFO:root:              precision    recall  f1-score   support

           0     0.9853    0.9922    0.9887      1148
           1     0.7955    0.6731    0.7292        52

    accuracy                         0.9783      1200
   macro avg     0.8904    0.8326    0.8589      1200
weighted avg     0.9771    0.9783    0.9775      1200

INFO:root:Validation Report

INFO:root:              precision    recall  f1-score   support

           0     0.9931    0.9830    0.9880       294
           1     0.4444    0.6667    0.5333         6

    accuracy                         0.9767       300
   macro avg     0.7188    0.8248    0.7607       300
weighted avg     0.9822    0.9767    0.9789       300

INFO:root:Test Report

INFO:root:              precision    recall  f1-score   support

           0     0.9775    0.9431    0.9600       967
           1     0.1791    0.3636    0.2400        33

    accuracy                         0.9240      1000
   macro avg     0.5783    0.6534    0.6000      1000
weighted avg     0.9511    0.9240    0.9362      1000

INFO:root:Epoch: 0011
 loss_train: 0.0620 acc_train: 0.9842 f1_train: 0.9829
 loss_val: 0.0893 acc_val: 0.9633 f1_val: 0.9709
 loss_test: 0.2791 acc_test: 0.9270 f1_test: 0.9390

INFO:root:Train Report

INFO:root:              precision    recall  f1-score   support

           0     0.9854    0.9983    0.9918      1148
           1     0.9459    0.6731    0.7865        52

    accuracy                         0.9842      1200
   macro avg     0.9657    0.8357    0.8891      1200
weighted avg     0.9837    0.9842    0.9829      1200

INFO:root:Validation Report

INFO:root:              precision    recall  f1-score   support

           0     0.9965    0.9660    0.9810       294
           1     0.3333    0.8333    0.4762         6

    accuracy                         0.9633       300
   macro avg     0.6649    0.8997    0.7286       300
weighted avg     0.9832    0.9633    0.9709       300

INFO:root:Test Report

INFO:root:              precision    recall  f1-score   support

           0     0.9796    0.9442    0.9616       967
           1     0.2059    0.4242    0.2772        33

    accuracy                         0.9270      1000
   macro avg     0.5927    0.6842    0.6194      1000
weighted avg     0.9541    0.9270    0.9390      1000

INFO:root:Epoch: 0021
 loss_train: 0.0596 acc_train: 0.9850 f1_train: 0.9837
 loss_val: 0.0632 acc_val: 0.9733 f1_val: 0.9766
 loss_test: 0.2440 acc_test: 0.9380 f1_test: 0.9454

INFO:root:Train Report

INFO:root:              precision    recall  f1-score   support

           0     0.9854    0.9991    0.9922      1148
           1     0.9722    0.6731    0.7955        52

    accuracy                         0.9850      1200
   macro avg     0.9788    0.8361    0.8938      1200
weighted avg     0.9848    0.9850    0.9837      1200

INFO:root:Validation Report

INFO:root:              precision    recall  f1-score   support

           0     0.9931    0.9796    0.9863       294
           1     0.4000    0.6667    0.5000         6

    accuracy                         0.9733       300
   macro avg     0.6966    0.8231    0.7432       300
weighted avg     0.9812    0.9733    0.9766       300

INFO:root:Test Report

INFO:root:              precision    recall  f1-score   support

           0     0.9788    0.9566    0.9676       967
           1     0.2364    0.3939    0.2955        33

    accuracy                         0.9380      1000
   macro avg     0.6076    0.6753    0.6315      1000
weighted avg     0.9543    0.9380    0.9454      1000

INFO:root:Epoch: 0031
 loss_train: 0.0607 acc_train: 0.9833 f1_train: 0.9821
 loss_val: 0.0737 acc_val: 0.9667 f1_val: 0.9721
 loss_test: 0.2427 acc_test: 0.9440 f1_test: 0.9492

INFO:root:Train Report

INFO:root:              precision    recall  f1-score   support

           0     0.9854    0.9974    0.9913      1148
           1     0.9211    0.6731    0.7778        52

    accuracy                         0.9833      1200
   macro avg     0.9532    0.8352    0.8846      1200
weighted avg     0.9826    0.9833    0.9821      1200

INFO:root:Validation Report

INFO:root:              precision    recall  f1-score   support

           0     0.9931    0.9728    0.9828       294
           1     0.3333    0.6667    0.4444         6

    accuracy                         0.9667       300
   macro avg     0.6632    0.8197    0.7136       300
weighted avg     0.9799    0.9667    0.9721       300

INFO:root:Test Report

INFO:root:              precision    recall  f1-score   support

           0     0.9790    0.9628    0.9708       967
           1     0.2653    0.3939    0.3171        33

    accuracy                         0.9440      1000
   macro avg     0.6221    0.6784    0.6439      1000
weighted avg     0.9554    0.9440    0.9492      1000

INFO:root:Epoch: 0041
 loss_train: 0.0568 acc_train: 0.9867 f1_train: 0.9855
 loss_val: 0.0697 acc_val: 0.9767 f1_val: 0.9789
 loss_test: 0.2162 acc_test: 0.9470 f1_test: 0.9501

INFO:root:Train Report

INFO:root:              precision    recall  f1-score   support

           0     0.9863    1.0000    0.9931      1148
           1     1.0000    0.6923    0.8182        52

    accuracy                         0.9867      1200
   macro avg     0.9931    0.8462    0.9056      1200
weighted avg     0.9868    0.9867    0.9855      1200

INFO:root:Validation Report

INFO:root:              precision    recall  f1-score   support

           0     0.9931    0.9830    0.9880       294
           1     0.4444    0.6667    0.5333         6

    accuracy                         0.9767       300
   macro avg     0.7188    0.8248    0.7607       300
weighted avg     0.9822    0.9767    0.9789       300

INFO:root:Test Report

INFO:root:              precision    recall  f1-score   support

           0     0.9770    0.9679    0.9725       967
           1     0.2619    0.3333    0.2933        33

    accuracy                         0.9470      1000
   macro avg     0.6195    0.6506    0.6329      1000
weighted avg     0.9534    0.9470    0.9501      1000

INFO:root:Epoch: 0051
 loss_train: 0.0651 acc_train: 0.9825 f1_train: 0.9815
 loss_val: 0.1167 acc_val: 0.9633 f1_val: 0.9699
 loss_test: 0.3028 acc_test: 0.9240 f1_test: 0.9362

INFO:root:Train Report

INFO:root:              precision    recall  f1-score   support

           0     0.9862    0.9956    0.9909      1148
           1     0.8780    0.6923    0.7742        52

    accuracy                         0.9825      1200
   macro avg     0.9321    0.8440    0.8825      1200
weighted avg     0.9815    0.9825    0.9815      1200

INFO:root:Validation Report

INFO:root:              precision    recall  f1-score   support

           0     0.9930    0.9694    0.9811       294
           1     0.3077    0.6667    0.4211         6

    accuracy                         0.9633       300
   macro avg     0.6504    0.8180    0.7011       300
weighted avg     0.9793    0.9633    0.9699       300

INFO:root:Test Report

INFO:root:              precision    recall  f1-score   support

           0     0.9775    0.9431    0.9600       967
           1     0.1791    0.3636    0.2400        33

    accuracy                         0.9240      1000
   macro avg     0.5783    0.6534    0.6000      1000
weighted avg     0.9511    0.9240    0.9362      1000

INFO:root:Epoch: 0061
 loss_train: 0.0592 acc_train: 0.9850 f1_train: 0.9837
 loss_val: 0.1126 acc_val: 0.9633 f1_val: 0.9699
 loss_test: 0.2735 acc_test: 0.9350 f1_test: 0.9430

INFO:root:Train Report

INFO:root:              precision    recall  f1-score   support

           0     0.9854    0.9991    0.9922      1148
           1     0.9722    0.6731    0.7955        52

    accuracy                         0.9850      1200
   macro avg     0.9788    0.8361    0.8938      1200
weighted avg     0.9848    0.9850    0.9837      1200

INFO:root:Validation Report

INFO:root:              precision    recall  f1-score   support

           0     0.9930    0.9694    0.9811       294
           1     0.3077    0.6667    0.4211         6

    accuracy                         0.9633       300
   macro avg     0.6504    0.8180    0.7011       300
weighted avg     0.9793    0.9633    0.9699       300

INFO:root:Test Report

INFO:root:              precision    recall  f1-score   support

           0     0.9778    0.9545    0.9660       967
           1     0.2143    0.3636    0.2697        33

    accuracy                         0.9350      1000
   macro avg     0.5960    0.6591    0.6178      1000
weighted avg     0.9526    0.9350    0.9430      1000

INFO:root:Epoch: 0071
 loss_train: 0.0589 acc_train: 0.9850 f1_train: 0.9837
 loss_val: 0.0742 acc_val: 0.9733 f1_val: 0.9766
 loss_test: 0.2546 acc_test: 0.9430 f1_test: 0.9486

INFO:root:Train Report

INFO:root:              precision    recall  f1-score   support

           0     0.9854    0.9991    0.9922      1148
           1     0.9722    0.6731    0.7955        52

    accuracy                         0.9850      1200
   macro avg     0.9788    0.8361    0.8938      1200
weighted avg     0.9848    0.9850    0.9837      1200

INFO:root:Validation Report

INFO:root:              precision    recall  f1-score   support

           0     0.9931    0.9796    0.9863       294
           1     0.4000    0.6667    0.5000         6

    accuracy                         0.9733       300
   macro avg     0.6966    0.8231    0.7432       300
weighted avg     0.9812    0.9733    0.9766       300

INFO:root:Test Report

INFO:root:              precision    recall  f1-score   support

           0     0.9789    0.9617    0.9703       967
           1     0.2600    0.3939    0.3133        33

    accuracy                         0.9430      1000
   macro avg     0.6195    0.6778    0.6418      1000
weighted avg     0.9552    0.9430    0.9486      1000

INFO:root:Epoch: 0081
 loss_train: 0.0544 acc_train: 0.9850 f1_train: 0.9837
 loss_val: 0.0846 acc_val: 0.9700 f1_val: 0.9743
 loss_test: 0.2674 acc_test: 0.9410 f1_test: 0.9473

INFO:root:Train Report

INFO:root:              precision    recall  f1-score   support

           0     0.9854    0.9991    0.9922      1148
           1     0.9722    0.6731    0.7955        52

    accuracy                         0.9850      1200
   macro avg     0.9788    0.8361    0.8938      1200
weighted avg     0.9848    0.9850    0.9837      1200

INFO:root:Validation Report

INFO:root:              precision    recall  f1-score   support

           0     0.9931    0.9762    0.9846       294
           1     0.3636    0.6667    0.4706         6

    accuracy                         0.9700       300
   macro avg     0.6784    0.8214    0.7276       300
weighted avg     0.9805    0.9700    0.9743       300

INFO:root:Test Report

INFO:root:              precision    recall  f1-score   support

           0     0.9789    0.9597    0.9692       967
           1     0.2500    0.3939    0.3059        33

    accuracy                         0.9410      1000
   macro avg     0.6145    0.6768    0.6375      1000
weighted avg     0.9548    0.9410    0.9473      1000

INFO:root:Epoch: 0091
 loss_train: 0.0547 acc_train: 0.9850 f1_train: 0.9837
 loss_val: 0.0746 acc_val: 0.9733 f1_val: 0.9766
 loss_test: 0.2520 acc_test: 0.9470 f1_test: 0.9506

INFO:root:Train Report

INFO:root:              precision    recall  f1-score   support

           0     0.9854    0.9991    0.9922      1148
           1     0.9722    0.6731    0.7955        52

    accuracy                         0.9850      1200
   macro avg     0.9788    0.8361    0.8938      1200
weighted avg     0.9848    0.9850    0.9837      1200

INFO:root:Validation Report

INFO:root:              precision    recall  f1-score   support

           0     0.9931    0.9796    0.9863       294
           1     0.4000    0.6667    0.5000         6

    accuracy                         0.9733       300
   macro avg     0.6966    0.8231    0.7432       300
weighted avg     0.9812    0.9733    0.9766       300

INFO:root:Test Report

INFO:root:              precision    recall  f1-score   support

           0     0.9780    0.9669    0.9724       967
           1     0.2727    0.3636    0.3117        33

    accuracy                         0.9470      1000
   macro avg     0.6254    0.6653    0.6421      1000
weighted avg     0.9548    0.9470    0.9506      1000

INFO:transformers.configuration_utils:Configuration saved in ./result/PreTrained_GraphBert/ppi/node_classification_complete_model/config.json
INFO:transformers.modeling_utils:Model weights saved in ./result/PreTrained_GraphBert/ppi/node_classification_complete_model/pytorch_model.bin
